INFO  06:12:35 Application started. Press Ctrl+C to shut down.
INFO  06:12:35 Application started. Press Ctrl+C to shut down.
INFO  06:12:35 Hosting environment: Development
INFO  06:12:35 Hosting environment: Development
INFO  06:12:35 Content root path: E:\Cognizant Post Joining\MFRP\AuthorizationAPI
INFO  06:12:35 Content root path: E:\Cognizant Post Joining\MFRP\AuthorizationAPI
INFO  06:15:09 Application started. Press Ctrl+C to shut down.
INFO  06:15:09 Application started. Press Ctrl+C to shut down.
INFO  06:15:09 Hosting environment: Development
INFO  06:15:09 Hosting environment: Development
INFO  06:15:09 Content root path: E:\Cognizant Post Joining\MFRP\AuthorizationAPI
INFO  06:15:09 Content root path: E:\Cognizant Post Joining\MFRP\AuthorizationAPI
INFO  06:15:37 Login initiated!
INFO  06:15:37 Validating the User!
INFO  06:15:37 Token Is Generated!
INFO  06:51:39 Application started. Press Ctrl+C to shut down.
INFO  06:51:39 Application started. Press Ctrl+C to shut down.
INFO  06:51:39 Hosting environment: Development
INFO  06:51:39 Hosting environment: Development
INFO  06:51:40 Content root path: E:\Cognizant Post Joining\MFRP\AuthorizationAPI
INFO  06:51:40 Content root path: E:\Cognizant Post Joining\MFRP\AuthorizationAPI
INFO  06:52:42 Login initiated!
INFO  06:52:42 Validating the User!
INFO  06:52:42 Token Is Generated!
INFO  09:58:01 Application started. Press Ctrl+C to shut down.
INFO  09:58:02 Application started. Press Ctrl+C to shut down.
INFO  09:58:02 Hosting environment: Development
INFO  09:58:02 Hosting environment: Development
INFO  09:58:02 Content root path: E:\Cognizant Post Joining\MFRP\AuthorizationAPI
INFO  09:58:02 Content root path: E:\Cognizant Post Joining\MFRP\AuthorizationAPI
INFO  10:19:35 Login initiated!
INFO  10:19:35 Validating the User!
INFO  10:19:35 Token Is Generated!
INFO  10:20:23 Login initiated!
INFO  10:20:23 Validating the User!
INFO  11:26:39 Application started. Press Ctrl+C to shut down.
INFO  11:26:39 Application started. Press Ctrl+C to shut down.
INFO  11:26:39 Hosting environment: Development
INFO  11:26:39 Hosting environment: Development
INFO  11:26:39 Content root path: E:\Cognizant Post Joining\MFRP\AuthorizationAPI
INFO  11:26:39 Content root path: E:\Cognizant Post Joining\MFRP\AuthorizationAPI
INFO  11:27:09 Login initiated!
INFO  11:27:09 Validating the User!
INFO  11:27:09 Token Is Generated!
INFO  12:12:42 Application started. Press Ctrl+C to shut down.
INFO  12:12:42 Application started. Press Ctrl+C to shut down.
INFO  12:12:42 Hosting environment: Development
INFO  12:12:42 Hosting environment: Development
INFO  12:12:42 Content root path: E:\Cognizant Post Joining\MFRP\AuthorizationAPI
INFO  12:12:42 Content root path: E:\Cognizant Post Joining\MFRP\AuthorizationAPI
INFO  12:13:09 Login initiated!
INFO  12:13:09 Validating the User!
INFO  12:14:47 Token Is Generated!
INFO  02:56:03 Application started. Press Ctrl+C to shut down.
INFO  02:56:03 Application started. Press Ctrl+C to shut down.
INFO  02:56:03 Hosting environment: Development
INFO  02:56:03 Hosting environment: Development
INFO  02:56:03 Content root path: E:\Cognizant Post Joining\MFRP\AuthorizationAPI
INFO  02:56:03 Content root path: E:\Cognizant Post Joining\MFRP\AuthorizationAPI
INFO  03:24:32 Login initiated!
INFO  03:24:32 Validating the User!
INFO  03:25:51 Token Is Generated!
INFO  03:45:47 Login initiated!
INFO  03:45:48 Validating the User!
INFO  03:45:54 Token Is Generated!
INFO  05:01:42 Login initiated!
INFO  05:01:42 Validating the User!
INFO  05:01:48 Token Is Generated!
INFO  11:47:42 Application started. Press Ctrl+C to shut down.
INFO  11:47:42 Application started. Press Ctrl+C to shut down.
INFO  11:47:42 Hosting environment: Development
INFO  11:47:42 Hosting environment: Development
INFO  11:47:42 Content root path: E:\Cognizant Post Joining\MFRP\AuthorizationAPI
INFO  11:47:42 Content root path: E:\Cognizant Post Joining\MFRP\AuthorizationAPI
INFO  11:50:31 Login initiated!
INFO  11:50:31 Validating the User!
INFO  11:51:14 Token Is Generated!
INFO  09:19:37 Application started. Press Ctrl+C to shut down.
INFO  09:19:38 Application started. Press Ctrl+C to shut down.
INFO  09:19:38 Hosting environment: Development
INFO  09:19:38 Hosting environment: Development
INFO  09:19:38 Content root path: E:\Cognizant Post Joining\MFRP\AuthorizationAPI
INFO  09:19:38 Content root path: E:\Cognizant Post Joining\MFRP\AuthorizationAPI
INFO  09:21:14 Login initiated!
INFO  09:21:14 Validating the User!
INFO  09:21:14 Token Is Generated!
INFO  09:58:57 Login initiated!
INFO  09:58:57 Validating the User!
INFO  09:58:57 Token Is Generated!
INFO  10:07:45 Login initiated!
INFO  10:07:45 Validating the User!
INFO  10:07:45 Token Is Generated!
INFO  10:15:14 Login initiated!
INFO  10:15:14 Validating the User!
INFO  10:15:14 Token Is Generated!
INFO  10:26:18 Login initiated!
INFO  10:26:18 Validating the User!
INFO  10:26:18 Token Is Generated!
INFO  10:30:21 Login initiated!
INFO  10:30:21 Validating the User!
INFO  10:30:21 Token Is Generated!
INFO  10:37:27 Login initiated!
INFO  10:37:27 Validating the User!
INFO  10:37:27 Token Is Generated!
INFO  11:43:05 Login initiated!
INFO  11:43:05 Validating the User!
INFO  11:43:05 Token Is Generated!
INFO  11:58:26 Login initiated!
INFO  11:58:26 Validating the User!
INFO  11:58:26 Token Is Generated!
INFO  01:14:37 Login initiated!
INFO  01:14:37 Validating the User!
INFO  01:14:37 Token Is Generated!
INFO  01:27:09 Login initiated!
INFO  01:27:09 Validating the User!
INFO  01:27:09 Token Is Generated!
INFO  01:54:54 Login initiated!
INFO  01:54:54 Validating the User!
INFO  01:54:54 Token Is Generated!
INFO  02:06:06 Login initiated!
INFO  02:06:06 Validating the User!
INFO  02:06:06 Token Is Generated!
INFO  02:16:53 Login initiated!
INFO  02:16:53 Validating the User!
INFO  02:16:53 Token Is Generated!
INFO  02:32:29 Login initiated!
INFO  02:32:29 Validating the User!
INFO  02:32:29 Token Is Generated!
INFO  02:46:26 Login initiated!
INFO  02:46:26 Validating the User!
INFO  02:46:26 Token Is Generated!
INFO  03:00:44 Login initiated!
INFO  03:00:44 Validating the User!
INFO  03:00:44 Token Is Generated!
INFO  08:32:10 Application started. Press Ctrl+C to shut down.
INFO  08:32:10 Application started. Press Ctrl+C to shut down.
INFO  08:32:10 Hosting environment: Development
INFO  08:32:10 Hosting environment: Development
INFO  08:32:10 Content root path: E:\Cognizant Post Joining\MFRP\AuthorizationAPI
INFO  08:32:10 Content root path: E:\Cognizant Post Joining\MFRP\AuthorizationAPI
INFO  08:33:04 Login initiated!
INFO  08:33:04 Validating the User!
INFO  08:33:04 Token Is Generated!
INFO  08:48:41 Login initiated!
INFO  08:48:41 Validating the User!
INFO  08:48:41 Token Is Generated!
INFO  10:07:39 Login initiated!
INFO  10:07:39 Validating the User!
INFO  10:07:39 Token Is Generated!
INFO  10:19:50 Login initiated!
INFO  10:19:50 Validating the User!
INFO  10:20:08 Login initiated!
INFO  10:20:08 Validating the User!
INFO  10:20:08 Token Is Generated!
INFO  10:27:06 Application is shutting down...
INFO  10:27:06 Application is shutting down...
INFO  01:28:46 Application started. Press Ctrl+C to shut down.
INFO  01:28:46 Application started. Press Ctrl+C to shut down.
INFO  01:28:46 Hosting environment: Development
INFO  01:28:46 Hosting environment: Development
INFO  01:28:47 Content root path: E:\Cognizant Post Joining\MFRP\AuthorizationAPI
INFO  01:28:47 Content root path: E:\Cognizant Post Joining\MFRP\AuthorizationAPI
INFO  02:20:50 Login initiated!
INFO  02:20:50 Validating the User!
INFO  02:20:50 Token Is Generated!
INFO  02:29:38 Login initiated!
INFO  02:29:38 Validating the User!
INFO  02:29:38 Token Is Generated!
INFO  05:59:45 Application started. Press Ctrl+C to shut down.
INFO  05:59:45 Application started. Press Ctrl+C to shut down.
INFO  05:59:45 Hosting environment: Development
INFO  05:59:45 Hosting environment: Development
INFO  05:59:45 Content root path: E:\Cognizant Post Joining\MFRP\AuthorizationAPI
INFO  05:59:45 Content root path: E:\Cognizant Post Joining\MFRP\AuthorizationAPI
INFO  06:00:13 Login initiated!
INFO  06:02:41 Application started. Press Ctrl+C to shut down.
INFO  06:02:41 Application started. Press Ctrl+C to shut down.
INFO  06:02:41 Hosting environment: Development
INFO  06:02:41 Hosting environment: Development
INFO  06:02:41 Content root path: E:\Cognizant Post Joining\MFRP\AuthorizationAPI
INFO  06:02:41 Content root path: E:\Cognizant Post Joining\MFRP\AuthorizationAPI
INFO  06:03:08 Login initiated!
INFO  06:03:08 Validating the User!
INFO  06:03:08 Token Is Generated!
